c:\users\atents\desktop\tilegame\game\game\debug\vc141.pdb
c:\users\atents\desktop\tilegame\game\game\debug\vc141.idb
c:\users\atents\desktop\tilegame\game\game\debug\frame.obj
c:\users\atents\desktop\tilegame\game\game\debug\gametimer.obj
c:\users\atents\desktop\tilegame\game\game\debug\main.obj
c:\users\atents\desktop\tilegame\game\game\debug\resourcemanager.obj
c:\users\atents\desktop\tilegame\game\game\debug\texture.obj
c:\users\atents\desktop\tilegame\game\game\debug\sprite.obj
c:\users\atents\desktop\tilegame\game\game\debug\gamesystem.obj
c:\users\atents\desktop\tilegame\game\game\debug\map.obj
c:\users\atents\desktop\tilegame\game\game\debug\character.obj
c:\users\atents\desktop\tilegame\game\game\debug\component.obj
c:\users\atents\desktop\tilegame\game\game\debug\componentsystem.obj
c:\users\atents\desktop\tilegame\game\game\debug\tilecell.obj
c:\users\atents\desktop\tilegame\game\game\debug\inputsystem.obj
c:\users\atents\desktop\tilegame\game\game\debug\npc.obj
c:\users\atents\desktop\tilegame\game\game\debug\player.obj
c:\users\atents\desktop\tilegame\game\game\debug\tileobject.obj
c:\users\atents\desktop\tilegame\game\game\debug\monster.obj
c:\users\atents\desktop\tilegame\game\game\debug\font.obj
c:\users\atents\desktop\tilegame\game\game\debug\attackstate.obj
c:\users\atents\desktop\tilegame\game\game\debug\defensestate.obj
c:\users\atents\desktop\tilegame\game\game\debug\idlestate.obj
c:\users\atents\desktop\tilegame\game\game\debug\pathfindingidestate.obj
c:\users\atents\desktop\tilegame\game\game\debug\pathfinderplayer.obj
c:\users\atents\desktop\tilegame\game\game\debug\movestate.obj
c:\users\atents\desktop\tilegame\game\game\debug\pathfindermonster.obj
c:\users\atents\desktop\tilegame\game\game\debug\pathfindingstate.obj
c:\users\atents\desktop\tilegame\game\game\debug\recoveryitem.obj
c:\users\atents\desktop\tilegame\game\game\debug\state.obj
c:\users\atents\desktop\tilegame\game\game\debug\trapitem.obj
c:\users\atents\desktop\tilegame\game\game\debug\diestate.obj
c:\users\atents\desktop\tilegame\game\debug\game.ilk
c:\users\atents\desktop\tilegame\game\debug\game.exe
c:\users\atents\desktop\tilegame\game\debug\game.pdb
c:\users\atents\desktop\tilegame\game\game\debug\deadstate.obj
c:\users\atents\desktop\tilegame\game\game\debug\game.tlog\cl.command.1.tlog
c:\users\atents\desktop\tilegame\game\game\debug\game.tlog\cl.read.1.tlog
c:\users\atents\desktop\tilegame\game\game\debug\game.tlog\cl.write.1.tlog
c:\users\atents\desktop\tilegame\game\game\debug\game.tlog\link.command.1.tlog
c:\users\atents\desktop\tilegame\game\game\debug\game.tlog\link.read.1.tlog
c:\users\atents\desktop\tilegame\game\game\debug\game.tlog\link.write.1.tlog
